<?xml version="1.0" encoding="UTF-8"?>
<testsuite xmlns:xsi="http://www.w3.org/2001/XMLSchema-instance" xsi:noNamespaceSchemaLocation="https://maven.apache.org/surefire/maven-surefire-plugin/xsd/surefire-test-report.xsd" name="com.example.shop.PaymentValidatorTest" time="0.007" tests="17" errors="0" skipped="0" failures="0">
  <properties>
[...]
</properties>
  <testcase name="testCardPaymentValidUppercase" classname="com.example.shop.PaymentValidatorTest" time="0"/>
  <testcase name="testCardPaymentValid" classname="com.example.shop.PaymentValidatorTest" time="0"/>
  <testcase name="testPayPalPaymentValidUppercase" classname="com.example.shop.PaymentValidatorTest" time="0"/>
  <testcase name="testCardPaymentValidMixedCase" classname="com.example.shop.PaymentValidatorTest" time="0"/>
  <testcase name="testPayPalPaymentValidMixedCase" classname="com.example.shop.PaymentValidatorTest" time="0"/>
  <testcase name="testUnknownPaymentMethodThrowsException" classname="com.example.shop.PaymentValidatorTest" time="0.001"/>
  <testcase name="testPayPalPaymentValid" classname="com.example.shop.PaymentValidatorTest" time="0"/>
  <testcase name="testRandomUnknownMethodThrowsException" classname="com.example.shop.PaymentValidatorTest" time="0.001"/>
  <testcase name="testNullPaymentMethodReturnsFalse" classname="com.example.shop.PaymentValidatorTest" time="0"/>
  <testcase name="testCryptoPaymentInvalidUppercase" classname="com.example.shop.PaymentValidatorTest" time="0"/>
  <testcase name="testCryptoPaymentInvalid" classname="com.example.shop.PaymentValidatorTest" time="0.001"/>
  <testcase name="testEmptyStringPaymentMethodThrowsException" classname="com.example.shop.PaymentValidatorTest" time="0"/>
  <testcase name="testValidPaymentMethods{String}[1]" classname="com.example.shop.PaymentValidatorTest" time="0"/>
  <testcase name="testValidPaymentMethods{String}[2]" classname="com.example.shop.PaymentValidatorTest" time="0"/>
  <testcase name="testCryptoPaymentInvalidMixedCase" classname="com.example.shop.PaymentValidatorTest" time="0"/>
  <testcase name="testInvalidPaymentMethods{String}[1]" classname="com.example.shop.PaymentValidatorTest" time="0"/>
  <testcase name="testInvalidPaymentMethods{String}[2]" classname="com.example.shop.PaymentValidatorTest" time="0.001"/>
</testsuite>